
============================================================
Processing graph 1: E?Bw
============================================================
mandatory_radius = 70000
gray_area_thickness = 0

Final granularity = 7/80

Coordinates (upscaled by 70000):
1: (0,0)
2: (113136,21213)
3: (106065,-49497)
4: (49497,63639)
5: (35355,-63639)
6: (56568,0)

Adjacency types and distances (upscaled by 70000):
(1,2) = forbidden [distance = 115107.5]
(1,3) = forbidden [distance = 117045.9]
(1,4) = forbidden [distance = 80621.8]
(1,5) = forbidden [distance = 72800.4]
(1,6) = mandatory [distance = 56568.0]
(2,3) = forbidden [distance = 71062.7]
(2,4) = forbidden [distance = 76484.6]
(2,5) = forbidden [distance = 115107.5]
(2,6) = mandatory [distance = 60414.7]
(3,4) = forbidden [distance = 126489.9]
(3,5) = forbidden [distance = 72110.3]
(3,6) = mandatory [distance = 69999.3]
(4,5) = forbidden [distance = 128061.3]
(4,6) = mandatory [distance = 64030.6]
(5,6) = mandatory [distance = 67081.4]

Result: UDG.
(Took 399 ms.)

=====================================


============================================================
Processing graph 2: E?bo
============================================================
mandatory_radius = 30000
gray_area_thickness = 0

Final granularity = 7/40

Coordinates (upscaled by 30000):
1: (49497,7071)
2: (0,0)
3: (35355,-28284)
4: (21213,28284)
5: (56568,28284)
6: (28284,0)

Adjacency types and distances (upscaled by 30000):
(1,2) = forbidden [distance = 49999.5]
(1,3) = forbidden [distance = 38078.5]
(1,4) = forbidden [distance = 35355.0]
(1,5) = mandatory [distance = 22360.5]
(1,6) = mandatory [distance = 22360.5]
(2,3) = forbidden [distance = 45276.5]
(2,4) = forbidden [distance = 35355.0]
(2,5) = forbidden [distance = 63244.9]
(2,6) = mandatory [distance = 28284.0]
(3,4) = forbidden [distance = 58309.0]
(3,5) = forbidden [distance = 60414.7]
(3,6) = mandatory [distance = 29154.5]
(4,5) = forbidden [distance = 35355.0]
(4,6) = mandatory [distance = 29154.5]
(5,6) = forbidden [distance = 39999.6]

Result: UDG.
(Took 0 ms.)

=====================================


============================================================
Processing graph 3: E?bw
============================================================
mandatory_radius = 30000
gray_area_thickness = 0

Final granularity = 7/40

Coordinates (upscaled by 30000):
1: (49497,7071)
2: (0,0)
3: (35355,-28284)
4: (21213,28284)
5: (49497,7071)
6: (28284,0)

Adjacency types and distances (upscaled by 30000):
(1,2) = forbidden [distance = 49999.5]
(1,3) = forbidden [distance = 38078.5]
(1,4) = forbidden [distance = 35355.0]
(1,5) = mandatory [distance = 0.0]
(1,6) = mandatory [distance = 22360.5]
(2,3) = forbidden [distance = 45276.5]
(2,4) = forbidden [distance = 35355.0]
(2,5) = forbidden [distance = 49999.5]
(2,6) = mandatory [distance = 28284.0]
(3,4) = forbidden [distance = 58309.0]
(3,5) = forbidden [distance = 38078.5]
(3,6) = mandatory [distance = 29154.5]
(4,5) = forbidden [distance = 35355.0]
(4,6) = mandatory [distance = 29154.5]
(5,6) = mandatory [distance = 22360.5]

Result: UDG.
(Took 0 ms.)

=====================================


============================================================
Processing graph 4: E?ow
============================================================
mandatory_radius = 10000
gray_area_thickness = 0

Final granularity = 7/20

Coordinates (upscaled by 10000):
1: (0,0)
2: (14142,7071)
3: (21213,-7071)
4: (7071,-14142)
5: (7071,0)
6: (14142,-7071)

Adjacency types and distances (upscaled by 10000):
(1,2) = forbidden [distance = 15811.2]
(1,3) = forbidden [distance = 22360.5]
(1,4) = forbidden [distance = 15811.2]
(1,5) = mandatory [distance = 7071.0]
(1,6) = forbidden [distance = 15811.2]
(2,3) = forbidden [distance = 15811.2]
(2,4) = forbidden [distance = 22360.5]
(2,5) = mandatory [distance = 9999.9]
(2,6) = forbidden [distance = 14142.0]
(3,4) = forbidden [distance = 15811.2]
(3,5) = forbidden [distance = 15811.2]
(3,6) = mandatory [distance = 7071.0]
(4,5) = forbidden [distance = 14142.0]
(4,6) = mandatory [distance = 9999.9]
(5,6) = mandatory [distance = 9999.9]

Result: UDG.
(Took 0 ms.)

=====================================


============================================================
Processing graph 5: E?qo
============================================================
mandatory_radius = 10000
gray_area_thickness = 0

Final granularity = 7/20

Coordinates (upscaled by 10000):
1: (14142,7071)
2: (0,0)
3: (0,21213)
4: (14142,21213)
5: (7071,0)
6: (7071,14142)

Adjacency types and distances (upscaled by 10000):
(1,2) = forbidden [distance = 15811.2]
(1,3) = forbidden [distance = 19999.8]
(1,4) = forbidden [distance = 14142.0]
(1,5) = mandatory [distance = 9999.9]
(1,6) = mandatory [distance = 9999.9]
(2,3) = forbidden [distance = 21213.0]
(2,4) = forbidden [distance = 25494.9]
(2,5) = mandatory [distance = 7071.0]
(2,6) = forbidden [distance = 15811.2]
(3,4) = forbidden [distance = 14142.0]
(3,5) = forbidden [distance = 22360.5]
(3,6) = mandatory [distance = 9999.9]
(4,5) = forbidden [distance = 22360.5]
(4,6) = mandatory [distance = 9999.9]
(5,6) = forbidden [distance = 14142.0]

Result: UDG.
(Took 0 ms.)

=====================================


============================================================
Processing graph 6: E?qw
============================================================
mandatory_radius = 10000
gray_area_thickness = 0

Final granularity = 7/20

Coordinates (upscaled by 10000):
1: (14142,0)
2: (0,0)
3: (21213,-14142)
4: (7071,-14142)
5: (7071,0)
6: (14142,-7071)

Adjacency types and distances (upscaled by 10000):
(1,2) = forbidden [distance = 14142.0]
(1,3) = forbidden [distance = 15811.2]
(1,4) = forbidden [distance = 15811.2]
(1,5) = mandatory [distance = 7071.0]
(1,6) = mandatory [distance = 7071.0]
(2,3) = forbidden [distance = 25494.9]
(2,4) = forbidden [distance = 15811.2]
(2,5) = mandatory [distance = 7071.0]
(2,6) = forbidden [distance = 15811.2]
(3,4) = forbidden [distance = 14142.0]
(3,5) = forbidden [distance = 19999.8]
(3,6) = mandatory [distance = 9999.9]
(4,5) = forbidden [distance = 14142.0]
(4,6) = mandatory [distance = 9999.9]
(5,6) = mandatory [distance = 9999.9]

Result: UDG.
(Took 0 ms.)

=====================================


============================================================
Processing graph 7: E?ro
============================================================
mandatory_radius = 30000
gray_area_thickness = 0

Final granularity = 7/40

Coordinates (upscaled by 30000):
1: (49497,7071)
2: (35355,-28284)
3: (0,0)
4: (21213,28284)
5: (56568,-21213)
6: (28284,0)

Adjacency types and distances (upscaled by 30000):
(1,2) = forbidden [distance = 38078.5]
(1,3) = forbidden [distance = 49999.5]
(1,4) = forbidden [distance = 35355.0]
(1,5) = mandatory [distance = 29154.5]
(1,6) = mandatory [distance = 22360.5]
(2,3) = forbidden [distance = 45276.5]
(2,4) = forbidden [distance = 58309.0]
(2,5) = mandatory [distance = 22360.5]
(2,6) = mandatory [distance = 29154.5]
(3,4) = forbidden [distance = 35355.0]
(3,5) = forbidden [distance = 60414.7]
(3,6) = mandatory [distance = 28284.0]
(4,5) = forbidden [distance = 60827.0]
(4,6) = mandatory [distance = 29154.5]
(5,6) = forbidden [distance = 35355.0]

Result: UDG.
(Took 0 ms.)

=====================================


============================================================
Processing graph 8: E?rw
============================================================
mandatory_radius = 30000
gray_area_thickness = 0

Final granularity = 7/40

Coordinates (upscaled by 30000):
1: (49497,7071)
2: (35355,-28284)
3: (0,0)
4: (21213,28284)
5: (49497,-14142)
6: (28284,0)

Adjacency types and distances (upscaled by 30000):
(1,2) = forbidden [distance = 38078.5]
(1,3) = forbidden [distance = 49999.5]
(1,4) = forbidden [distance = 35355.0]
(1,5) = mandatory [distance = 21213.0]
(1,6) = mandatory [distance = 22360.5]
(2,3) = forbidden [distance = 45276.5]
(2,4) = forbidden [distance = 58309.0]
(2,5) = mandatory [distance = 19999.8]
(2,6) = mandatory [distance = 29154.5]
(3,4) = forbidden [distance = 35355.0]
(3,5) = forbidden [distance = 51477.7]
(3,6) = mandatory [distance = 28284.0]
(4,5) = forbidden [distance = 50989.7]
(4,6) = mandatory [distance = 29154.5]
(5,6) = mandatory [distance = 25494.9]

Result: UDG.
(Took 0 ms.)

=====================================


============================================================
Processing graph 9: E?zO
============================================================
mandatory_radius = 10000
gray_area_thickness = 0

Final granularity = 7/20

Coordinates (upscaled by 10000):
1: (14142,7071)
2: (14142,-7071)
3: (0,0)
4: (28284,7071)
5: (7071,0)
6: (21213,0)

Adjacency types and distances (upscaled by 10000):
(1,2) = forbidden [distance = 14142.0]
(1,3) = forbidden [distance = 15811.2]
(1,4) = forbidden [distance = 14142.0]
(1,5) = mandatory [distance = 9999.9]
(1,6) = mandatory [distance = 9999.9]
(2,3) = forbidden [distance = 15811.2]
(2,4) = forbidden [distance = 19999.8]
(2,5) = mandatory [distance = 9999.9]
(2,6) = mandatory [distance = 9999.9]
(3,4) = forbidden [distance = 29154.5]
(3,5) = mandatory [distance = 7071.0]
(3,6) = forbidden [distance = 21213.0]
(4,5) = forbidden [distance = 22360.5]
(4,6) = mandatory [distance = 9999.9]
(5,6) = forbidden [distance = 14142.0]

Result: UDG.
(Took 0 ms.)

=====================================


============================================================
Processing graph 10: E?zW
============================================================
mandatory_radius = 30000
gray_area_thickness = 0

Final granularity = 7/40

Coordinates (upscaled by 30000):
1: (49497,7071)
2: (35355,-28284)
3: (0,0)
4: (77781,-14142)
5: (28284,0)
6: (49497,-14142)

Adjacency types and distances (upscaled by 30000):
(1,2) = forbidden [distance = 38078.5]
(1,3) = forbidden [distance = 49999.5]
(1,4) = forbidden [distance = 35355.0]
(1,5) = mandatory [distance = 22360.5]
(1,6) = mandatory [distance = 21213.0]
(2,3) = forbidden [distance = 45276.5]
(2,4) = forbidden [distance = 44720.9]
(2,5) = mandatory [distance = 29154.5]
(2,6) = mandatory [distance = 19999.8]
(3,4) = forbidden [distance = 79056.2]
(3,5) = mandatory [distance = 28284.0]
(3,6) = forbidden [distance = 51477.7]
(4,5) = forbidden [distance = 51477.7]
(4,6) = mandatory [distance = 28284.0]
(5,6) = mandatory [distance = 25494.9]

Result: UDG.
(Took 0 ms.)

=====================================


============================================================
Processing graph 11: E?zo
============================================================


The program reached the maximum allowed run time.

Result: INCONCLUSIVE.
(Took 7 days, 0 second.)

=====================================


============================================================
Processing graph 12: E?zw
============================================================
mandatory_radius = 30000
gray_area_thickness = 0

Final granularity = 7/40

Coordinates (upscaled by 30000):
1: (49497,7071)
2: (21213,28284)
3: (35355,-21213)
4: (0,0)
5: (42426,7071)
6: (28284,0)

Adjacency types and distances (upscaled by 30000):
(1,2) = forbidden [distance = 35355.0]
(1,3) = forbidden [distance = 31622.5]
(1,4) = forbidden [distance = 49999.5]
(1,5) = mandatory [distance = 7071.0]
(1,6) = mandatory [distance = 22360.5]
(2,3) = forbidden [distance = 51477.7]
(2,4) = forbidden [distance = 35355.0]
(2,5) = mandatory [distance = 29999.7]
(2,6) = mandatory [distance = 29154.5]
(3,4) = forbidden [distance = 41230.7]
(3,5) = mandatory [distance = 29154.5]
(3,6) = mandatory [distance = 22360.5]
(4,5) = forbidden [distance = 43011.2]
(4,6) = mandatory [distance = 28284.0]
(5,6) = mandatory [distance = 15811.2]

Result: UDG.
(Took 0 ms.)

=====================================


============================================================
Processing graph 13: E?~o
============================================================


The program reached the maximum allowed run time.

Result: INCONCLUSIVE.
(Took 7 days, 0 second.)

=====================================


============================================================
Processing graph 14: E?~w
============================================================
mandatory_radius = 30000
gray_area_thickness = 0

Final granularity = 7/40

Coordinates (upscaled by 30000):
1: (0,0)
2: (35355,-28284)
3: (49497,7071)
4: (21213,28284)
5: (28284,0)
6: (28284,0)

Adjacency types and distances (upscaled by 30000):
(1,2) = forbidden [distance = 45276.5]
(1,3) = forbidden [distance = 49999.5]
(1,4) = forbidden [distance = 35355.0]
(1,5) = mandatory [distance = 28284.0]
(1,6) = mandatory [distance = 28284.0]
(2,3) = forbidden [distance = 38078.5]
(2,4) = forbidden [distance = 58309.0]
(2,5) = mandatory [distance = 29154.5]
(2,6) = mandatory [distance = 29154.5]
(3,4) = forbidden [distance = 35355.0]
(3,5) = mandatory [distance = 22360.5]
(3,6) = mandatory [distance = 22360.5]
(4,5) = mandatory [distance = 29154.5]
(4,6) = mandatory [distance = 29154.5]
(5,6) = mandatory [distance = 0.0]

Result: UDG.
(Took 2 ms.)

=====================================


============================================================
Processing graph 15: ECR_
============================================================
mandatory_radius = 10000
gray_area_thickness = 0

Final granularity = 7/20

Coordinates (upscaled by 10000):
1: (14142,7071)
2: (14142,-7071)
3: (0,0)
4: (7071,14142)
5: (21213,-7071)
6: (7071,0)

Adjacency types and distances (upscaled by 10000):
(1,2) = forbidden [distance = 14142.0]
(1,3) = forbidden [distance = 15811.2]
(1,4) = mandatory [distance = 9999.9]
(1,5) = forbidden [distance = 15811.2]
(1,6) = mandatory [distance = 9999.9]
(2,3) = forbidden [distance = 15811.2]
(2,4) = forbidden [distance = 22360.5]
(2,5) = mandatory [distance = 7071.0]
(2,6) = mandatory [distance = 9999.9]
(3,4) = forbidden [distance = 15811.2]
(3,5) = forbidden [distance = 22360.5]
(3,6) = mandatory [distance = 7071.0]
(4,5) = forbidden [distance = 25494.9]
(4,6) = forbidden [distance = 14142.0]
(5,6) = forbidden [distance = 15811.2]

Result: UDG.
(Took 0 ms.)

=====================================


============================================================
Processing graph 16: ECRo
============================================================
mandatory_radius = 10000
gray_area_thickness = 0

Final granularity = 7/20

Coordinates (upscaled by 10000):
1: (14142,7071)
2: (14142,-7071)
3: (0,0)
4: (14142,7071)
5: (21213,-7071)
6: (7071,0)

Adjacency types and distances (upscaled by 10000):
(1,2) = forbidden [distance = 14142.0]
(1,3) = forbidden [distance = 15811.2]
(1,4) = mandatory [distance = 0.0]
(1,5) = forbidden [distance = 15811.2]
(1,6) = mandatory [distance = 9999.9]
(2,3) = forbidden [distance = 15811.2]
(2,4) = forbidden [distance = 14142.0]
(2,5) = mandatory [distance = 7071.0]
(2,6) = mandatory [distance = 9999.9]
(3,4) = forbidden [distance = 15811.2]
(3,5) = forbidden [distance = 22360.5]
(3,6) = mandatory [distance = 7071.0]
(4,5) = forbidden [distance = 15811.2]
(4,6) = mandatory [distance = 9999.9]
(5,6) = forbidden [distance = 15811.2]

Result: UDG.
(Took 0 ms.)

=====================================


============================================================
Processing graph 17: ECRw
============================================================
mandatory_radius = 10000
gray_area_thickness = 0

Final granularity = 7/20

Coordinates (upscaled by 10000):
1: (14142,7071)
2: (14142,-7071)
3: (0,0)
4: (14142,7071)
5: (14142,-7071)
6: (7071,0)

Adjacency types and distances (upscaled by 10000):
(1,2) = forbidden [distance = 14142.0]
(1,3) = forbidden [distance = 15811.2]
(1,4) = mandatory [distance = 0.0]
(1,5) = forbidden [distance = 14142.0]
(1,6) = mandatory [distance = 9999.9]
(2,3) = forbidden [distance = 15811.2]
(2,4) = forbidden [distance = 14142.0]
(2,5) = mandatory [distance = 0.0]
(2,6) = mandatory [distance = 9999.9]
(3,4) = forbidden [distance = 15811.2]
(3,5) = forbidden [distance = 15811.2]
(3,6) = mandatory [distance = 7071.0]
(4,5) = forbidden [distance = 14142.0]
(4,6) = mandatory [distance = 9999.9]
(5,6) = mandatory [distance = 9999.9]

Result: UDG.
(Took 0 ms.)

=====================================


============================================================
Processing graph 18: ECYW
============================================================
mandatory_radius = 10000
gray_area_thickness = 0

Final granularity = 7/20

Coordinates (upscaled by 10000):
1: (21213,-7071)
2: (0,0)
3: (14142,7071)
4: (21213,-7071)
5: (7071,0)
6: (14142,-7071)

Adjacency types and distances (upscaled by 10000):
(1,2) = forbidden [distance = 22360.5]
(1,3) = forbidden [distance = 15811.2]
(1,4) = mandatory [distance = 0.0]
(1,5) = forbidden [distance = 15811.2]
(1,6) = mandatory [distance = 7071.0]
(2,3) = forbidden [distance = 15811.2]
(2,4) = forbidden [distance = 22360.5]
(2,5) = mandatory [distance = 7071.0]
(2,6) = forbidden [distance = 15811.2]
(3,4) = forbidden [distance = 15811.2]
(3,5) = mandatory [distance = 9999.9]
(3,6) = forbidden [distance = 14142.0]
(4,5) = forbidden [distance = 15811.2]
(4,6) = mandatory [distance = 7071.0]
(5,6) = mandatory [distance = 9999.9]

Result: UDG.
(Took 1 ms.)

=====================================


============================================================
Processing graph 19: ECZ?
============================================================
mandatory_radius = 10000
gray_area_thickness = 0

Final granularity = 7/20

Coordinates (upscaled by 10000):
1: (0,21213)
2: (14142,7071)
3: (0,0)
4: (-7071,28284)
5: (7071,0)
6: (7071,14142)

Adjacency types and distances (upscaled by 10000):
(1,2) = forbidden [distance = 19999.8]
(1,3) = forbidden [distance = 21213.0]
(1,4) = mandatory [distance = 9999.9]
(1,5) = forbidden [distance = 22360.5]
(1,6) = mandatory [distance = 9999.9]
(2,3) = forbidden [distance = 15811.2]
(2,4) = forbidden [distance = 29999.7]
(2,5) = mandatory [distance = 9999.9]
(2,6) = mandatory [distance = 9999.9]
(3,4) = forbidden [distance = 29154.5]
(3,5) = mandatory [distance = 7071.0]
(3,6) = forbidden [distance = 15811.2]
(4,5) = forbidden [distance = 31622.5]
(4,6) = forbidden [distance = 19999.8]
(5,6) = forbidden [distance = 14142.0]

Result: UDG.
(Took 0 ms.)

=====================================


============================================================
Processing graph 20: ECZG
============================================================
mandatory_radius = 10000
gray_area_thickness = 0

Final granularity = 7/20

Coordinates (upscaled by 10000):
1: (21213,-7071)
2: (14142,7071)
3: (0,0)
4: (21213,-14142)
5: (7071,0)
6: (14142,0)

Adjacency types and distances (upscaled by 10000):
(1,2) = forbidden [distance = 15811.2]
(1,3) = forbidden [distance = 22360.5]
(1,4) = mandatory [distance = 7071.0]
(1,5) = forbidden [distance = 15811.2]
(1,6) = mandatory [distance = 9999.9]
(2,3) = forbidden [distance = 15811.2]
(2,4) = forbidden [distance = 22360.5]
(2,5) = mandatory [distance = 9999.9]
(2,6) = mandatory [distance = 7071.0]
(3,4) = forbidden [distance = 25494.9]
(3,5) = mandatory [distance = 7071.0]
(3,6) = forbidden [distance = 14142.0]
(4,5) = forbidden [distance = 19999.8]
(4,6) = forbidden [distance = 15811.2]
(5,6) = mandatory [distance = 7071.0]

Result: UDG.
(Took 0 ms.)

=====================================


============================================================
Processing graph 21: ECZO
============================================================
mandatory_radius = 10000
gray_area_thickness = 0

Final granularity = 7/20

Coordinates (upscaled by 10000):
1: (0,21213)
2: (14142,7071)
3: (0,0)
4: (0,21213)
5: (7071,0)
6: (7071,14142)

Adjacency types and distances (upscaled by 10000):
(1,2) = forbidden [distance = 19999.8]
(1,3) = forbidden [distance = 21213.0]
(1,4) = mandatory [distance = 0.0]
(1,5) = forbidden [distance = 22360.5]
(1,6) = mandatory [distance = 9999.9]
(2,3) = forbidden [distance = 15811.2]
(2,4) = forbidden [distance = 19999.8]
(2,5) = mandatory [distance = 9999.9]
(2,6) = mandatory [distance = 9999.9]
(3,4) = forbidden [distance = 21213.0]
(3,5) = mandatory [distance = 7071.0]
(3,6) = forbidden [distance = 15811.2]
(4,5) = forbidden [distance = 22360.5]
(4,6) = mandatory [distance = 9999.9]
(5,6) = forbidden [distance = 14142.0]

Result: UDG.
(Took 0 ms.)

=====================================


============================================================
Processing graph 22: ECZW
============================================================
mandatory_radius = 10000
gray_area_thickness = 0

Final granularity = 7/20

Coordinates (upscaled by 10000):
1: (21213,-7071)
2: (14142,7071)
3: (0,0)
4: (21213,-7071)
5: (7071,0)
6: (14142,0)

Adjacency types and distances (upscaled by 10000):
(1,2) = forbidden [distance = 15811.2]
(1,3) = forbidden [distance = 22360.5]
(1,4) = mandatory [distance = 0.0]
(1,5) = forbidden [distance = 15811.2]
(1,6) = mandatory [distance = 9999.9]
(2,3) = forbidden [distance = 15811.2]
(2,4) = forbidden [distance = 15811.2]
(2,5) = mandatory [distance = 9999.9]
(2,6) = mandatory [distance = 7071.0]
(3,4) = forbidden [distance = 22360.5]
(3,5) = mandatory [distance = 7071.0]
(3,6) = forbidden [distance = 14142.0]
(4,5) = forbidden [distance = 15811.2]
(4,6) = mandatory [distance = 9999.9]
(5,6) = mandatory [distance = 7071.0]

Result: UDG.
(Took 0 ms.)

=====================================


============================================================
Processing graph 23: ECZ_
============================================================
mandatory_radius = 10000
gray_area_thickness = 0

Final granularity = 7/20

Coordinates (upscaled by 10000):
1: (7071,0)
2: (7071,14142)
3: (21213,14142)
4: (0,0)
5: (14142,21213)
6: (14142,7071)

Adjacency types and distances (upscaled by 10000):
(1,2) = forbidden [distance = 14142.0]
(1,3) = forbidden [distance = 19999.8]
(1,4) = mandatory [distance = 7071.0]
(1,5) = forbidden [distance = 22360.5]
(1,6) = mandatory [distance = 9999.9]
(2,3) = forbidden [distance = 14142.0]
(2,4) = forbidden [distance = 15811.2]
(2,5) = mandatory [distance = 9999.9]
(2,6) = mandatory [distance = 9999.9]
(3,4) = forbidden [distance = 25494.9]
(3,5) = mandatory [distance = 9999.9]
(3,6) = mandatory [distance = 9999.9]
(4,5) = forbidden [distance = 25494.9]
(4,6) = forbidden [distance = 15811.2]
(5,6) = forbidden [distance = 14142.0]

Result: UDG.
(Took 1 ms.)

=====================================


============================================================
Processing graph 24: ECZg
============================================================
mandatory_radius = 10000
gray_area_thickness = 0

Final granularity = 7/20

Coordinates (upscaled by 10000):
1: (7071,0)
2: (7071,14142)
3: (21213,14142)
4: (0,0)
5: (14142,14142)
6: (14142,7071)

Adjacency types and distances (upscaled by 10000):
(1,2) = forbidden [distance = 14142.0]
(1,3) = forbidden [distance = 19999.8]
(1,4) = mandatory [distance = 7071.0]
(1,5) = forbidden [distance = 15811.2]
(1,6) = mandatory [distance = 9999.9]
(2,3) = forbidden [distance = 14142.0]
(2,4) = forbidden [distance = 15811.2]
(2,5) = mandatory [distance = 7071.0]
(2,6) = mandatory [distance = 9999.9]
(3,4) = forbidden [distance = 25494.9]
(3,5) = mandatory [distance = 7071.0]
(3,6) = mandatory [distance = 9999.9]
(4,5) = forbidden [distance = 19999.8]
(4,6) = forbidden [distance = 15811.2]
(5,6) = mandatory [distance = 7071.0]

Result: UDG.
(Took 1 ms.)

=====================================


============================================================
Processing graph 25: ECZo
============================================================
mandatory_radius = 10000
gray_area_thickness = 0

Final granularity = 7/20

Coordinates (upscaled by 10000):
1: (0,0)
2: (14142,14142)
3: (0,14142)
4: (7071,0)
5: (7071,21213)
6: (7071,7071)

Adjacency types and distances (upscaled by 10000):
(1,2) = forbidden [distance = 19999.8]
(1,3) = forbidden [distance = 14142.0]
(1,4) = mandatory [distance = 7071.0]
(1,5) = forbidden [distance = 22360.5]
(1,6) = mandatory [distance = 9999.9]
(2,3) = forbidden [distance = 14142.0]
(2,4) = forbidden [distance = 15811.2]
(2,5) = mandatory [distance = 9999.9]
(2,6) = mandatory [distance = 9999.9]
(3,4) = forbidden [distance = 15811.2]
(3,5) = mandatory [distance = 9999.9]
(3,6) = mandatory [distance = 9999.9]
(4,5) = forbidden [distance = 21213.0]
(4,6) = mandatory [distance = 7071.0]
(5,6) = forbidden [distance = 14142.0]

Result: UDG.
(Took 0 ms.)

=====================================


============================================================
Processing graph 26: ECZw
============================================================
mandatory_radius = 10000
gray_area_thickness = 0

Final granularity = 7/20

Coordinates (upscaled by 10000):
1: (0,0)
2: (14142,14142)
3: (0,14142)
4: (7071,0)
5: (7071,14142)
6: (7071,7071)

Adjacency types and distances (upscaled by 10000):
(1,2) = forbidden [distance = 19999.8]
(1,3) = forbidden [distance = 14142.0]
(1,4) = mandatory [distance = 7071.0]
(1,5) = forbidden [distance = 15811.2]
(1,6) = mandatory [distance = 9999.9]
(2,3) = forbidden [distance = 14142.0]
(2,4) = forbidden [distance = 15811.2]
(2,5) = mandatory [distance = 7071.0]
(2,6) = mandatory [distance = 9999.9]
(3,4) = forbidden [distance = 15811.2]
(3,5) = mandatory [distance = 7071.0]
(3,6) = mandatory [distance = 9999.9]
(4,5) = forbidden [distance = 14142.0]
(4,6) = mandatory [distance = 7071.0]
(5,6) = mandatory [distance = 7071.0]

Result: UDG.
(Took 0 ms.)

=====================================


============================================================
Processing graph 27: ECfo
============================================================
mandatory_radius = 10000
gray_area_thickness = 0

Final granularity = 7/20

Coordinates (upscaled by 10000):
1: (14142,7071)
2: (0,0)
3: (14142,-7071)
4: (14142,7071)
5: (7071,14142)
6: (7071,0)

Adjacency types and distances (upscaled by 10000):
(1,2) = forbidden [distance = 15811.2]
(1,3) = forbidden [distance = 14142.0]
(1,4) = mandatory [distance = 0.0]
(1,5) = mandatory [distance = 9999.9]
(1,6) = mandatory [distance = 9999.9]
(2,3) = forbidden [distance = 15811.2]
(2,4) = forbidden [distance = 15811.2]
(2,5) = forbidden [distance = 15811.2]
(2,6) = mandatory [distance = 7071.0]
(3,4) = forbidden [distance = 14142.0]
(3,5) = forbidden [distance = 22360.5]
(3,6) = mandatory [distance = 9999.9]
(4,5) = mandatory [distance = 9999.9]
(4,6) = mandatory [distance = 9999.9]
(5,6) = forbidden [distance = 14142.0]

Result: UDG.
(Took 0 ms.)

=====================================


============================================================
Processing graph 28: ECfw
============================================================
mandatory_radius = 10000
gray_area_thickness = 0

Final granularity = 7/20

Coordinates (upscaled by 10000):
1: (14142,7071)
2: (0,0)
3: (14142,-7071)
4: (14142,7071)
5: (14142,7071)
6: (7071,0)

Adjacency types and distances (upscaled by 10000):
(1,2) = forbidden [distance = 15811.2]
(1,3) = forbidden [distance = 14142.0]
(1,4) = mandatory [distance = 0.0]
(1,5) = mandatory [distance = 0.0]
(1,6) = mandatory [distance = 9999.9]
(2,3) = forbidden [distance = 15811.2]
(2,4) = forbidden [distance = 15811.2]
(2,5) = forbidden [distance = 15811.2]
(2,6) = mandatory [distance = 7071.0]
(3,4) = forbidden [distance = 14142.0]
(3,5) = forbidden [distance = 14142.0]
(3,6) = mandatory [distance = 9999.9]
(4,5) = mandatory [distance = 0.0]
(4,6) = mandatory [distance = 9999.9]
(5,6) = mandatory [distance = 9999.9]

Result: UDG.
(Took 1 ms.)

=====================================


============================================================
Processing graph 29: ECpo
============================================================
mandatory_radius = 30000
gray_area_thickness = 0

Final granularity = 7/40

Coordinates (upscaled by 30000):
1: (63639,-35355)
2: (49497,7071)
3: (0,0)
4: (35355,-28284)
5: (63639,-7071)
6: (28284,0)

Adjacency types and distances (upscaled by 30000):
(1,2) = forbidden [distance = 44720.9]
(1,3) = forbidden [distance = 72800.4]
(1,4) = mandatory [distance = 29154.5]
(1,5) = mandatory [distance = 28284.0]
(1,6) = forbidden [distance = 49999.5]
(2,3) = forbidden [distance = 49999.5]
(2,4) = forbidden [distance = 38078.5]
(2,5) = mandatory [distance = 19999.8]
(2,6) = mandatory [distance = 22360.5]
(3,4) = forbidden [distance = 45276.5]
(3,5) = forbidden [distance = 64030.6]
(3,6) = mandatory [distance = 28284.0]
(4,5) = forbidden [distance = 35355.0]
(4,6) = mandatory [distance = 29154.5]
(5,6) = forbidden [distance = 36055.2]

Result: UDG.
(Took 2 ms.)

=====================================


============================================================
Processing graph 30: ECqg
============================================================
mandatory_radius = 10000
gray_area_thickness = 0

Final granularity = 7/20

Coordinates (upscaled by 10000):
1: (14142,7071)
2: (0,0)
3: (21213,-7071)
4: (7071,14142)
5: (7071,0)
6: (14142,0)

Adjacency types and distances (upscaled by 10000):
(1,2) = forbidden [distance = 15811.2]
(1,3) = forbidden [distance = 15811.2]
(1,4) = mandatory [distance = 9999.9]
(1,5) = mandatory [distance = 9999.9]
(1,6) = mandatory [distance = 7071.0]
(2,3) = forbidden [distance = 22360.5]
(2,4) = forbidden [distance = 15811.2]
(2,5) = mandatory [distance = 7071.0]
(2,6) = forbidden [distance = 14142.0]
(3,4) = forbidden [distance = 25494.9]
(3,5) = forbidden [distance = 15811.2]
(3,6) = mandatory [distance = 9999.9]
(4,5) = forbidden [distance = 14142.0]
(4,6) = forbidden [distance = 15811.2]
(5,6) = mandatory [distance = 7071.0]

Result: UDG.
(Took 0 ms.)

=====================================


============================================================
Processing graph 31: ECr_
============================================================
mandatory_radius = 10000
gray_area_thickness = 0

Final granularity = 7/20

Coordinates (upscaled by 10000):
1: (14142,7071)
2: (14142,-7071)
3: (0,0)
4: (7071,14142)
5: (21213,0)
6: (7071,0)

Adjacency types and distances (upscaled by 10000):
(1,2) = forbidden [distance = 14142.0]
(1,3) = forbidden [distance = 15811.2]
(1,4) = mandatory [distance = 9999.9]
(1,5) = mandatory [distance = 9999.9]
(1,6) = mandatory [distance = 9999.9]
(2,3) = forbidden [distance = 15811.2]
(2,4) = forbidden [distance = 22360.5]
(2,5) = mandatory [distance = 9999.9]
(2,6) = mandatory [distance = 9999.9]
(3,4) = forbidden [distance = 15811.2]
(3,5) = forbidden [distance = 21213.0]
(3,6) = mandatory [distance = 7071.0]
(4,5) = forbidden [distance = 19999.8]
(4,6) = forbidden [distance = 14142.0]
(5,6) = forbidden [distance = 14142.0]

Result: UDG.
(Took 1 ms.)

=====================================


============================================================
Processing graph 32: ECrg
============================================================
mandatory_radius = 10000
gray_area_thickness = 0

Final granularity = 7/20

Coordinates (upscaled by 10000):
1: (14142,7071)
2: (14142,-7071)
3: (0,0)
4: (7071,14142)
5: (14142,0)
6: (7071,0)

Adjacency types and distances (upscaled by 10000):
(1,2) = forbidden [distance = 14142.0]
(1,3) = forbidden [distance = 15811.2]
(1,4) = mandatory [distance = 9999.9]
(1,5) = mandatory [distance = 7071.0]
(1,6) = mandatory [distance = 9999.9]
(2,3) = forbidden [distance = 15811.2]
(2,4) = forbidden [distance = 22360.5]
(2,5) = mandatory [distance = 7071.0]
(2,6) = mandatory [distance = 9999.9]
(3,4) = forbidden [distance = 15811.2]
(3,5) = forbidden [distance = 14142.0]
(3,6) = mandatory [distance = 7071.0]
(4,5) = forbidden [distance = 15811.2]
(4,6) = forbidden [distance = 14142.0]
(5,6) = mandatory [distance = 7071.0]

Result: UDG.
(Took 0 ms.)

=====================================


============================================================
Processing graph 33: ECro
============================================================
mandatory_radius = 30000
gray_area_thickness = 0

Final granularity = 7/40

Coordinates (upscaled by 30000):
1: (49497,7071)
2: (35355,-28284)
3: (0,0)
4: (42426,14142)
5: (56568,-21213)
6: (28284,0)

Adjacency types and distances (upscaled by 30000):
(1,2) = forbidden [distance = 38078.5]
(1,3) = forbidden [distance = 49999.5]
(1,4) = mandatory [distance = 9999.9]
(1,5) = mandatory [distance = 29154.5]
(1,6) = mandatory [distance = 22360.5]
(2,3) = forbidden [distance = 45276.5]
(2,4) = forbidden [distance = 43011.2]
(2,5) = mandatory [distance = 22360.5]
(2,6) = mandatory [distance = 29154.5]
(3,4) = forbidden [distance = 44720.9]
(3,5) = forbidden [distance = 60414.7]
(3,6) = mandatory [distance = 28284.0]
(4,5) = forbidden [distance = 38078.5]
(4,6) = mandatory [distance = 19999.8]
(5,6) = forbidden [distance = 35355.0]

Result: UDG.
(Took 1 ms.)

=====================================


============================================================
Processing graph 34: ECrw
============================================================
mandatory_radius = 30000
gray_area_thickness = 0

Final granularity = 7/40

Coordinates (upscaled by 30000):
1: (49497,7071)
2: (35355,-28284)
3: (0,0)
4: (56568,0)
5: (28284,-14142)
6: (28284,0)

Adjacency types and distances (upscaled by 30000):
(1,2) = forbidden [distance = 38078.5]
(1,3) = forbidden [distance = 49999.5]
(1,4) = mandatory [distance = 9999.9]
(1,5) = mandatory [distance = 29999.7]
(1,6) = mandatory [distance = 22360.5]
(2,3) = forbidden [distance = 45276.5]
(2,4) = forbidden [distance = 35355.0]
(2,5) = mandatory [distance = 15811.2]
(2,6) = mandatory [distance = 29154.5]
(3,4) = forbidden [distance = 56568.0]
(3,5) = forbidden [distance = 31622.5]
(3,6) = mandatory [distance = 28284.0]
(4,5) = forbidden [distance = 31622.5]
(4,6) = mandatory [distance = 28284.0]
(5,6) = mandatory [distance = 14142.0]

Result: UDG.
(Took 1 ms.)

=====================================


============================================================
Processing graph 35: ECuw
============================================================
mandatory_radius = 10000
gray_area_thickness = 0

Final granularity = 7/20

Coordinates (upscaled by 10000):
1: (14142,7071)
2: (0,0)
3: (21213,-7071)
4: (14142,7071)
5: (7071,0)
6: (14142,0)

Adjacency types and distances (upscaled by 10000):
(1,2) = forbidden [distance = 15811.2]
(1,3) = forbidden [distance = 15811.2]
(1,4) = mandatory [distance = 0.0]
(1,5) = mandatory [distance = 9999.9]
(1,6) = mandatory [distance = 7071.0]
(2,3) = forbidden [distance = 22360.5]
(2,4) = forbidden [distance = 15811.2]
(2,5) = mandatory [distance = 7071.0]
(2,6) = forbidden [distance = 14142.0]
(3,4) = forbidden [distance = 15811.2]
(3,5) = forbidden [distance = 15811.2]
(3,6) = mandatory [distance = 9999.9]
(4,5) = mandatory [distance = 9999.9]
(4,6) = mandatory [distance = 7071.0]
(5,6) = mandatory [distance = 7071.0]

Result: UDG.
(Took 0 ms.)

=====================================


============================================================
Processing graph 36: ECvo
============================================================
mandatory_radius = 10000
gray_area_thickness = 0

Final granularity = 7/20

Coordinates (upscaled by 10000):
1: (14142,7071)
2: (14142,-7071)
3: (0,0)
4: (14142,7071)
5: (21213,0)
6: (7071,0)

Adjacency types and distances (upscaled by 10000):
(1,2) = forbidden [distance = 14142.0]
(1,3) = forbidden [distance = 15811.2]
(1,4) = mandatory [distance = 0.0]
(1,5) = mandatory [distance = 9999.9]
(1,6) = mandatory [distance = 9999.9]
(2,3) = forbidden [distance = 15811.2]
(2,4) = forbidden [distance = 14142.0]
(2,5) = mandatory [distance = 9999.9]
(2,6) = mandatory [distance = 9999.9]
(3,4) = forbidden [distance = 15811.2]
(3,5) = forbidden [distance = 21213.0]
(3,6) = mandatory [distance = 7071.0]
(4,5) = mandatory [distance = 9999.9]
(4,6) = mandatory [distance = 9999.9]
(5,6) = forbidden [distance = 14142.0]

Result: UDG.
(Took 0 ms.)

=====================================


============================================================
Processing graph 37: ECvw
============================================================
mandatory_radius = 10000
gray_area_thickness = 0

Final granularity = 7/20

Coordinates (upscaled by 10000):
1: (14142,7071)
2: (14142,-7071)
3: (0,0)
4: (14142,7071)
5: (14142,0)
6: (7071,0)

Adjacency types and distances (upscaled by 10000):
(1,2) = forbidden [distance = 14142.0]
(1,3) = forbidden [distance = 15811.2]
(1,4) = mandatory [distance = 0.0]
(1,5) = mandatory [distance = 7071.0]
(1,6) = mandatory [distance = 9999.9]
(2,3) = forbidden [distance = 15811.2]
(2,4) = forbidden [distance = 14142.0]
(2,5) = mandatory [distance = 7071.0]
(2,6) = mandatory [distance = 9999.9]
(3,4) = forbidden [distance = 15811.2]
(3,5) = forbidden [distance = 14142.0]
(3,6) = mandatory [distance = 7071.0]
(4,5) = mandatory [distance = 7071.0]
(4,6) = mandatory [distance = 9999.9]
(5,6) = mandatory [distance = 7071.0]

Result: UDG.
(Took 1 ms.)

=====================================


============================================================
Processing graph 38: ECxo
============================================================
