
============================================================
Processing graph 1: CF
============================================================
mandatory_radius = 10000
gray_area_thickness = 0

Final granularity = 7/20

Coordinates (upscaled by 10000):
1: (0,0)
2: (14142,7071)
3: (14142,-7071)
4: (7071,0)

Adjacency types and distances (upscaled by 10000):
(1,2) = forbidden [distance = 15811.2]
(1,3) = forbidden [distance = 15811.2]
(1,4) = mandatory [distance = 7071.0]
(2,3) = forbidden [distance = 14142.0]
(2,4) = mandatory [distance = 9999.9]
(3,4) = mandatory [distance = 9999.9]

Result: UDG.
(Took 1 ms.)

=====================================


============================================================
Processing graph 2: CU
============================================================
mandatory_radius = 10000
gray_area_thickness = 0

Final granularity = 7/20

Coordinates (upscaled by 10000):
1: (14142,7071)
2: (0,0)
3: (7071,14142)
4: (7071,0)

Adjacency types and distances (upscaled by 10000):
(1,2) = forbidden [distance = 15811.2]
(1,3) = mandatory [distance = 9999.9]
(1,4) = mandatory [distance = 9999.9]
(2,3) = forbidden [distance = 15811.2]
(2,4) = mandatory [distance = 7071.0]
(3,4) = forbidden [distance = 14142.0]

Result: UDG.
(Took 0 ms.)

=====================================


============================================================
Processing graph 3: CV
============================================================
mandatory_radius = 10000
gray_area_thickness = 0

Final granularity = 7/20

Coordinates (upscaled by 10000):
1: (14142,7071)
2: (0,0)
3: (14142,7071)
4: (7071,0)

Adjacency types and distances (upscaled by 10000):
(1,2) = forbidden [distance = 15811.2]
(1,3) = mandatory [distance = 0.0]
(1,4) = mandatory [distance = 9999.9]
(2,3) = forbidden [distance = 15811.2]
(2,4) = mandatory [distance = 7071.0]
(3,4) = mandatory [distance = 9999.9]

Result: UDG.
(Took 1 ms.)

=====================================


============================================================
Processing graph 4: C]
============================================================
mandatory_radius = 30000
gray_area_thickness = 0

Final granularity = 7/40

Coordinates (upscaled by 30000):
1: (0,0)
2: (21213,28284)
3: (28284,0)
4: (-7071,28284)

Adjacency types and distances (upscaled by 30000):
(1,2) = forbidden [distance = 35355.0]
(1,3) = mandatory [distance = 28284.0]
(1,4) = mandatory [distance = 29154.5]
(2,3) = mandatory [distance = 29154.5]
(2,4) = mandatory [distance = 28284.0]
(3,4) = forbidden [distance = 45276.5]

Result: UDG.
(Took 0 ms.)

=====================================


============================================================
Processing graph 5: C^
============================================================
mandatory_radius = 10000
gray_area_thickness = 0

Final granularity = 7/20

Coordinates (upscaled by 10000):
1: (0,0)
2: (14142,7071)
3: (7071,0)
4: (7071,7071)

Adjacency types and distances (upscaled by 10000):
(1,2) = forbidden [distance = 15811.2]
(1,3) = mandatory [distance = 7071.0]
(1,4) = mandatory [distance = 9999.9]
(2,3) = mandatory [distance = 9999.9]
(2,4) = mandatory [distance = 7071.0]
(3,4) = mandatory [distance = 7071.0]

Result: UDG.
(Took 0 ms.)

=====================================


============================================================
Processing graph 6: C~
============================================================
mandatory_radius = 10000
gray_area_thickness = 0

Final granularity = 7/20

Coordinates (upscaled by 10000):
1: (0,0)
2: (7071,0)
3: (7071,7071)
4: (7071,7071)

Adjacency types and distances (upscaled by 10000):
(1,2) = mandatory [distance = 7071.0]
(1,3) = mandatory [distance = 9999.9]
(1,4) = mandatory [distance = 9999.9]
(2,3) = mandatory [distance = 7071.0]
(2,4) = mandatory [distance = 7071.0]
(3,4) = mandatory [distance = 0.0]

Result: UDG.
(Took 0 ms.)

=====================================

