
============================================================
Processing graph 1: D?{
============================================================
mandatory_radius = 30000
gray_area_thickness = 0

Final granularity = 7/40

Coordinates (upscaled by 30000):
1: (0,0)
2: (49497,7071)
3: (35355,-28284)
4: (21213,28284)
5: (28284,0)

Adjacency types and distances (upscaled by 30000):
(1,2) = forbidden [distance = 49999.5]
(1,3) = forbidden [distance = 45276.5]
(1,4) = forbidden [distance = 35355.0]
(1,5) = mandatory [distance = 28284.0]
(2,3) = forbidden [distance = 38078.5]
(2,4) = forbidden [distance = 35355.0]
(2,5) = mandatory [distance = 22360.5]
(3,4) = forbidden [distance = 58309.0]
(3,5) = mandatory [distance = 29154.5]
(4,5) = mandatory [distance = 29154.5]

Result: UDG.
(Took 0 ms.)

=====================================


============================================================
Processing graph 2: DCw
============================================================
mandatory_radius = 10000
gray_area_thickness = 0

Final granularity = 7/20

Coordinates (upscaled by 10000):
1: (14142,7071)
2: (0,0)
3: (14142,-7071)
4: (7071,14142)
5: (7071,0)

Adjacency types and distances (upscaled by 10000):
(1,2) = forbidden [distance = 15811.2]
(1,3) = forbidden [distance = 14142.0]
(1,4) = mandatory [distance = 9999.9]
(1,5) = mandatory [distance = 9999.9]
(2,3) = forbidden [distance = 15811.2]
(2,4) = forbidden [distance = 15811.2]
(2,5) = mandatory [distance = 7071.0]
(3,4) = forbidden [distance = 22360.5]
(3,5) = mandatory [distance = 9999.9]
(4,5) = forbidden [distance = 14142.0]

Result: UDG.
(Took 0 ms.)

=====================================


============================================================
Processing graph 3: DC{
============================================================
mandatory_radius = 10000
gray_area_thickness = 0

Final granularity = 7/20

Coordinates (upscaled by 10000):
1: (14142,7071)
2: (0,0)
3: (14142,-7071)
4: (14142,7071)
5: (7071,0)

Adjacency types and distances (upscaled by 10000):
(1,2) = forbidden [distance = 15811.2]
(1,3) = forbidden [distance = 14142.0]
(1,4) = mandatory [distance = 0.0]
(1,5) = mandatory [distance = 9999.9]
(2,3) = forbidden [distance = 15811.2]
(2,4) = forbidden [distance = 15811.2]
(2,5) = mandatory [distance = 7071.0]
(3,4) = forbidden [distance = 14142.0]
(3,5) = mandatory [distance = 9999.9]
(4,5) = mandatory [distance = 9999.9]

Result: UDG.
(Took 0 ms.)

=====================================


============================================================
Processing graph 4: DEk
============================================================
mandatory_radius = 10000
gray_area_thickness = 0

Final granularity = 7/20

Coordinates (upscaled by 10000):
1: (14142,7071)
2: (0,0)
3: (21213,-7071)
4: (7071,0)
5: (14142,0)

Adjacency types and distances (upscaled by 10000):
(1,2) = forbidden [distance = 15811.2]
(1,3) = forbidden [distance = 15811.2]
(1,4) = mandatory [distance = 9999.9]
(1,5) = mandatory [distance = 7071.0]
(2,3) = forbidden [distance = 22360.5]
(2,4) = mandatory [distance = 7071.0]
(2,5) = forbidden [distance = 14142.0]
(3,4) = forbidden [distance = 15811.2]
(3,5) = mandatory [distance = 9999.9]
(4,5) = mandatory [distance = 7071.0]

Result: UDG.
(Took 0 ms.)

=====================================


============================================================
Processing graph 5: DEw
============================================================
mandatory_radius = 10000
gray_area_thickness = 0

Final granularity = 7/20

Coordinates (upscaled by 10000):
1: (14142,7071)
2: (14142,-7071)
3: (0,0)
4: (21213,0)
5: (7071,0)

Adjacency types and distances (upscaled by 10000):
(1,2) = forbidden [distance = 14142.0]
(1,3) = forbidden [distance = 15811.2]
(1,4) = mandatory [distance = 9999.9]
(1,5) = mandatory [distance = 9999.9]
(2,3) = forbidden [distance = 15811.2]
(2,4) = mandatory [distance = 9999.9]
(2,5) = mandatory [distance = 9999.9]
(3,4) = forbidden [distance = 21213.0]
(3,5) = mandatory [distance = 7071.0]
(4,5) = forbidden [distance = 14142.0]

Result: UDG.
(Took 0 ms.)

=====================================


============================================================
Processing graph 6: DE{
============================================================
mandatory_radius = 10000
gray_area_thickness = 0

Final granularity = 7/20

Coordinates (upscaled by 10000):
1: (14142,7071)
2: (14142,-7071)
3: (0,0)
4: (14142,0)
5: (7071,0)

Adjacency types and distances (upscaled by 10000):
(1,2) = forbidden [distance = 14142.0]
(1,3) = forbidden [distance = 15811.2]
(1,4) = mandatory [distance = 7071.0]
(1,5) = mandatory [distance = 9999.9]
(2,3) = forbidden [distance = 15811.2]
(2,4) = mandatory [distance = 7071.0]
(2,5) = mandatory [distance = 9999.9]
(3,4) = forbidden [distance = 14142.0]
(3,5) = mandatory [distance = 7071.0]
(4,5) = mandatory [distance = 7071.0]

Result: UDG.
(Took 0 ms.)

=====================================


============================================================
Processing graph 7: DFw
============================================================


The program reached the maximum allowed run time.

Result: INCONCLUSIVE.
(Took 7 days, 0 second.)

=====================================


============================================================
Processing graph 8: DF{
============================================================
mandatory_radius = 10000
gray_area_thickness = 0

Final granularity = 7/20

Coordinates (upscaled by 10000):
1: (0,0)
2: (14142,-7071)
3: (14142,7071)
4: (7071,0)
5: (7071,0)

Adjacency types and distances (upscaled by 10000):
(1,2) = forbidden [distance = 15811.2]
(1,3) = forbidden [distance = 15811.2]
(1,4) = mandatory [distance = 7071.0]
(1,5) = mandatory [distance = 7071.0]
(2,3) = forbidden [distance = 14142.0]
(2,4) = mandatory [distance = 9999.9]
(2,5) = mandatory [distance = 9999.9]
(3,4) = mandatory [distance = 9999.9]
(3,5) = mandatory [distance = 9999.9]
(4,5) = mandatory [distance = 0.0]

Result: UDG.
(Took 0 ms.)

=====================================


============================================================
Processing graph 9: DQo
============================================================
mandatory_radius = 10000
gray_area_thickness = 0

Final granularity = 7/20

Coordinates (upscaled by 10000):
1: (7071,0)
2: (7071,14142)
3: (0,0)
4: (0,21213)
5: (14142,7071)

Adjacency types and distances (upscaled by 10000):
(1,2) = forbidden [distance = 14142.0]
(1,3) = mandatory [distance = 7071.0]
(1,4) = forbidden [distance = 22360.5]
(1,5) = mandatory [distance = 9999.9]
(2,3) = forbidden [distance = 15811.2]
(2,4) = mandatory [distance = 9999.9]
(2,5) = mandatory [distance = 9999.9]
(3,4) = forbidden [distance = 21213.0]
(3,5) = forbidden [distance = 15811.2]
(4,5) = forbidden [distance = 19999.8]

Result: UDG.
(Took 0 ms.)

=====================================


============================================================
Processing graph 10: DQw
============================================================
mandatory_radius = 10000
gray_area_thickness = 0

Final granularity = 7/20

Coordinates (upscaled by 10000):
1: (7071,14142)
2: (7071,0)
3: (7071,14142)
4: (0,0)
5: (14142,7071)

Adjacency types and distances (upscaled by 10000):
(1,2) = forbidden [distance = 14142.0]
(1,3) = mandatory [distance = 0.0]
(1,4) = forbidden [distance = 15811.2]
(1,5) = mandatory [distance = 9999.9]
(2,3) = forbidden [distance = 14142.0]
(2,4) = mandatory [distance = 7071.0]
(2,5) = mandatory [distance = 9999.9]
(3,4) = forbidden [distance = 15811.2]
(3,5) = mandatory [distance = 9999.9]
(4,5) = forbidden [distance = 15811.2]

Result: UDG.
(Took 2 ms.)

=====================================


============================================================
Processing graph 11: DQ{
============================================================
mandatory_radius = 10000
gray_area_thickness = 0

Final granularity = 7/20

Coordinates (upscaled by 10000):
1: (0,0)
2: (7071,14142)
3: (7071,0)
4: (7071,14142)
5: (7071,7071)

Adjacency types and distances (upscaled by 10000):
(1,2) = forbidden [distance = 15811.2]
(1,3) = mandatory [distance = 7071.0]
(1,4) = forbidden [distance = 15811.2]
(1,5) = mandatory [distance = 9999.9]
(2,3) = forbidden [distance = 14142.0]
(2,4) = mandatory [distance = 0.0]
(2,5) = mandatory [distance = 7071.0]
(3,4) = forbidden [distance = 14142.0]
(3,5) = mandatory [distance = 7071.0]
(4,5) = mandatory [distance = 7071.0]

Result: UDG.
(Took 0 ms.)

=====================================


============================================================
Processing graph 12: DTw
============================================================
mandatory_radius = 10000
gray_area_thickness = 0

Final granularity = 7/20

Coordinates (upscaled by 10000):
1: (14142,7071)
2: (0,0)
3: (14142,7071)
4: (7071,14142)
5: (7071,0)

Adjacency types and distances (upscaled by 10000):
(1,2) = forbidden [distance = 15811.2]
(1,3) = mandatory [distance = 0.0]
(1,4) = mandatory [distance = 9999.9]
(1,5) = mandatory [distance = 9999.9]
(2,3) = forbidden [distance = 15811.2]
(2,4) = forbidden [distance = 15811.2]
(2,5) = mandatory [distance = 7071.0]
(3,4) = mandatory [distance = 9999.9]
(3,5) = mandatory [distance = 9999.9]
(4,5) = forbidden [distance = 14142.0]

Result: UDG.
(Took 0 ms.)

=====================================


============================================================
Processing graph 13: DT{
============================================================
mandatory_radius = 10000
gray_area_thickness = 0

Final granularity = 7/20

Coordinates (upscaled by 10000):
1: (14142,7071)
2: (0,0)
3: (14142,7071)
4: (14142,7071)
5: (7071,0)

Adjacency types and distances (upscaled by 10000):
(1,2) = forbidden [distance = 15811.2]
(1,3) = mandatory [distance = 0.0]
(1,4) = mandatory [distance = 0.0]
(1,5) = mandatory [distance = 9999.9]
(2,3) = forbidden [distance = 15811.2]
(2,4) = forbidden [distance = 15811.2]
(2,5) = mandatory [distance = 7071.0]
(3,4) = mandatory [distance = 0.0]
(3,5) = mandatory [distance = 9999.9]
(4,5) = mandatory [distance = 9999.9]

Result: UDG.
(Took 0 ms.)

=====================================


============================================================
Processing graph 14: DUW
============================================================
mandatory_radius = 30000
gray_area_thickness = 0

Final granularity = 7/40

Coordinates (upscaled by 30000):
1: (0,0)
2: (14142,28284)
3: (28284,0)
4: (-7071,7071)
5: (28284,21213)

Adjacency types and distances (upscaled by 30000):
(1,2) = forbidden [distance = 31622.5]
(1,3) = mandatory [distance = 28284.0]
(1,4) = mandatory [distance = 9999.9]
(1,5) = forbidden [distance = 35355.0]
(2,3) = forbidden [distance = 31622.5]
(2,4) = mandatory [distance = 29999.7]
(2,5) = mandatory [distance = 15811.2]
(3,4) = forbidden [distance = 36055.2]
(3,5) = mandatory [distance = 21213.0]
(4,5) = forbidden [distance = 38078.5]

Result: UDG.
(Took 4 ms.)

=====================================


============================================================
Processing graph 15: DUw
============================================================
mandatory_radius = 30000
gray_area_thickness = 0

Final granularity = 7/40

Coordinates (upscaled by 30000):
1: (21213,28284)
2: (0,0)
3: (21213,35355)
4: (28284,0)
5: (-7071,28284)

Adjacency types and distances (upscaled by 30000):
(1,2) = forbidden [distance = 35355.0]
(1,3) = mandatory [distance = 7071.0]
(1,4) = mandatory [distance = 29154.5]
(1,5) = mandatory [distance = 28284.0]
(2,3) = forbidden [distance = 41230.7]
(2,4) = mandatory [distance = 28284.0]
(2,5) = mandatory [distance = 29154.5]
(3,4) = forbidden [distance = 36055.2]
(3,5) = mandatory [distance = 29154.5]
(4,5) = forbidden [distance = 45276.5]

Result: UDG.
(Took 0 ms.)

=====================================


============================================================
Processing graph 16: DU{
============================================================
mandatory_radius = 10000
gray_area_thickness = 0

Final granularity = 7/20

Coordinates (upscaled by 10000):
1: (14142,7071)
2: (0,0)
3: (7071,14142)
4: (7071,0)
5: (7071,7071)

Adjacency types and distances (upscaled by 10000):
(1,2) = forbidden [distance = 15811.2]
(1,3) = mandatory [distance = 9999.9]
(1,4) = mandatory [distance = 9999.9]
(1,5) = mandatory [distance = 7071.0]
(2,3) = forbidden [distance = 15811.2]
(2,4) = mandatory [distance = 7071.0]
(2,5) = mandatory [distance = 9999.9]
(3,4) = forbidden [distance = 14142.0]
(3,5) = mandatory [distance = 7071.0]
(4,5) = mandatory [distance = 7071.0]

Result: UDG.
(Took 0 ms.)

=====================================


============================================================
Processing graph 17: DV{
============================================================
mandatory_radius = 10000
gray_area_thickness = 0

Final granularity = 7/20

Coordinates (upscaled by 10000):
1: (14142,7071)
2: (0,0)
3: (14142,7071)
4: (7071,0)
5: (7071,7071)

Adjacency types and distances (upscaled by 10000):
(1,2) = forbidden [distance = 15811.2]
(1,3) = mandatory [distance = 0.0]
(1,4) = mandatory [distance = 9999.9]
(1,5) = mandatory [distance = 7071.0]
(2,3) = forbidden [distance = 15811.2]
(2,4) = mandatory [distance = 7071.0]
(2,5) = mandatory [distance = 9999.9]
(3,4) = mandatory [distance = 9999.9]
(3,5) = mandatory [distance = 7071.0]
(4,5) = mandatory [distance = 7071.0]

Result: UDG.
(Took 0 ms.)

=====================================


============================================================
Processing graph 18: D]w
============================================================
mandatory_radius = 30000
gray_area_thickness = 0

Final granularity = 7/40

Coordinates (upscaled by 30000):
1: (28284,0)
2: (-7071,28284)
3: (21213,28284)
4: (0,0)
5: (21213,28284)

Adjacency types and distances (upscaled by 30000):
(1,2) = forbidden [distance = 45276.5]
(1,3) = mandatory [distance = 29154.5]
(1,4) = mandatory [distance = 28284.0]
(1,5) = mandatory [distance = 29154.5]
(2,3) = mandatory [distance = 28284.0]
(2,4) = mandatory [distance = 29154.5]
(2,5) = mandatory [distance = 28284.0]
(3,4) = forbidden [distance = 35355.0]
(3,5) = mandatory [distance = 0.0]
(4,5) = forbidden [distance = 35355.0]

Result: UDG.
(Took 0 ms.)

=====================================


============================================================
Processing graph 19: D]{
============================================================
mandatory_radius = 30000
gray_area_thickness = 0

Final granularity = 7/40

Coordinates (upscaled by 30000):
1: (0,0)
2: (21213,28284)
3: (28284,0)
4: (-7071,28284)
5: (14142,14142)

Adjacency types and distances (upscaled by 30000):
(1,2) = forbidden [distance = 35355.0]
(1,3) = mandatory [distance = 28284.0]
(1,4) = mandatory [distance = 29154.5]
(1,5) = mandatory [distance = 19999.8]
(2,3) = mandatory [distance = 29154.5]
(2,4) = mandatory [distance = 28284.0]
(2,5) = mandatory [distance = 15811.2]
(3,4) = forbidden [distance = 45276.5]
(3,5) = mandatory [distance = 19999.8]
(4,5) = mandatory [distance = 25494.9]

Result: UDG.
(Took 4 ms.)

=====================================


============================================================
Processing graph 20: D^{
============================================================
mandatory_radius = 10000
gray_area_thickness = 0

Final granularity = 7/20

Coordinates (upscaled by 10000):
1: (0,0)
2: (14142,7071)
3: (7071,0)
4: (7071,7071)
5: (7071,7071)

Adjacency types and distances (upscaled by 10000):
(1,2) = forbidden [distance = 15811.2]
(1,3) = mandatory [distance = 7071.0]
(1,4) = mandatory [distance = 9999.9]
(1,5) = mandatory [distance = 9999.9]
(2,3) = mandatory [distance = 9999.9]
(2,4) = mandatory [distance = 7071.0]
(2,5) = mandatory [distance = 7071.0]
(3,4) = mandatory [distance = 7071.0]
(3,5) = mandatory [distance = 7071.0]
(4,5) = mandatory [distance = 0.0]

Result: UDG.
(Took 0 ms.)

=====================================


============================================================
Processing graph 21: D~{
============================================================
mandatory_radius = 10000
gray_area_thickness = 0

Final granularity = 7/20

Coordinates (upscaled by 10000):
1: (0,0)
2: (7071,0)
3: (7071,7071)
4: (7071,7071)
5: (7071,7071)

Adjacency types and distances (upscaled by 10000):
(1,2) = mandatory [distance = 7071.0]
(1,3) = mandatory [distance = 9999.9]
(1,4) = mandatory [distance = 9999.9]
(1,5) = mandatory [distance = 9999.9]
(2,3) = mandatory [distance = 7071.0]
(2,4) = mandatory [distance = 7071.0]
(2,5) = mandatory [distance = 7071.0]
(3,4) = mandatory [distance = 0.0]
(3,5) = mandatory [distance = 0.0]
(4,5) = mandatory [distance = 0.0]

Result: UDG.
(Took 2 ms.)

=====================================

